\BOOKMARK [1][-]{section.1}{Weakening\040scales\040and\040yield\040function}{}% 1
\BOOKMARK [2][-]{subsection.1.1}{The\040concept\040of\040weakening\040scales}{section.1}% 2
\BOOKMARK [2][-]{subsection.1.2}{Distribution\040of\040weakening\040scales}{section.1}% 3
\BOOKMARK [2][-]{subsection.1.3}{Yield\040function\040with\040mean\040stress\040effect}{section.1}% 4
\BOOKMARK [2][-]{subsection.1.4}{Local\040plastic\040model}{section.1}% 5
\BOOKMARK [1][-]{section.2}{Construction\040of\040an\040energy\040based\040fatigue\040approach}{}% 6
\BOOKMARK [1][-]{section.3}{Nonlinearity\040of\040damage\040accumulation}{}% 7
\BOOKMARK [2][-]{subsection.3.1}{Energy\040approach\040with\040Chaboche\040law}{section.3}% 8
\BOOKMARK [2][-]{subsection.3.2}{Generalized\040damage\040accumulation}{section.3}% 9
\BOOKMARK [2][-]{subsection.3.3}{Sequence\040effect}{section.3}% 10
\BOOKMARK [1][-]{section.4}{Numerical\040strategy}{}% 11
\BOOKMARK [2][-]{subsection.4.1}{Integration\040rules\040for\040\040and\040}{section.4}% 12
\BOOKMARK [2][-]{subsection.4.2}{Regime\040determination\040under\040multiple\040scales}{section.4}% 13
\BOOKMARK [1][-]{section.5}{Validation\040on\040recovery\040tests}{}% 14
\BOOKMARK [2][-]{subsection.5.1}{Recovery\040of\040Chaboche\040law\040on\040cyclic\040loading}{section.5}% 15
\BOOKMARK [2][-]{subsection.5.2}{Numerical\040recovery\040of\040sequence\040effect}{section.5}% 16
\BOOKMARK [1][-]{section.6}{Experimental\040verification}{}% 17
\BOOKMARK [2][-]{subsection.6.1}{Constant\040amplitude\0401D\040tests\040from\040Cetim\040on\040AW-6106\040T6\040aluminum}{section.6}% 18
\BOOKMARK [2][-]{subsection.6.2}{Random\040amplitude\0401D\040tests\040from\040Cetim\040on\040AW-6106\040T6\040aluminum}{section.6}% 19
\BOOKMARK [3][-]{subsubsection.6.2.1}{Major\040damage\040effect}{subsection.6.2}% 20
\BOOKMARK [2][-]{subsection.6.3}{Experimental\040validation\040of\040the\040model\040on\04030NCD16\040steel}{section.6}% 21
\BOOKMARK [3][-]{subsubsection.6.3.1}{Presentation\040of\040steel\04030\040NCD\04016}{subsection.6.3}% 22
\BOOKMARK [3][-]{subsubsection.6.3.2}{Fatigue\040tests\040performed\040by\040Dubar\040on\040steel\04030\040NCD\04016}{subsection.6.3}% 23
\BOOKMARK [3][-]{subsubsection.6.3.3}{Identification\040of\040model\040parameters\040for\040steel\04030\040NCD\04016}{subsection.6.3}% 24
\BOOKMARK [2][-]{subsection.6.4}{Experimental\040validation\040of\040the\040model\040on\040SM45C\040steel}{section.6}% 25
\BOOKMARK [3][-]{subsubsection.6.4.1}{Presentation\040of\040steel\040SM45C}{subsection.6.4}% 26
\BOOKMARK [3][-]{subsubsection.6.4.2}{Fatigue\040tests\040performed\040by\040Dubar\040on\040steel\040SM45C}{subsection.6.4}% 27
\BOOKMARK [3][-]{subsubsection.6.4.3}{Identification\040of\040model\040parameters\040for\040steel\040SM45C}{subsection.6.4}% 28
\BOOKMARK [2][-]{subsection.6.5}{Experimental\040validation\040of\040the\040model\040on\04010\040HNAP\040steel}{section.6}% 29
\BOOKMARK [3][-]{subsubsection.6.5.1}{Presentation\040of\040the\040material}{subsection.6.5}% 30
\BOOKMARK [3][-]{subsubsection.6.5.2}{Description\040of\040fatigue\040tests\040on\04010\040HNAP\040steel}{subsection.6.5}% 31
\BOOKMARK [3][-]{subsubsection.6.5.3}{Identification\040of\040model\040parameters\040of\04010HNAP\040steel}{subsection.6.5}% 32
\BOOKMARK [3][-]{subsubsection.6.5.4}{Simulation\040of\040fatigue\040tests\040performed\040on\04010HNAP\040steel}{subsection.6.5}% 33
\BOOKMARK [1][-]{section.7}{Discussion}{}% 34
\BOOKMARK [1][-]{Item.12}{Reference}{}% 35
\BOOKMARK [1][-]{Item.12}{Appendices}{}% 36
\BOOKMARK [1][-]{appendix.A}{DETAILED\040EXPLOITATION}{}% 37
